<?xml version="1.0" encoding="UTF-8"?>
<!-- Generated by org.testng.reporters.JUnitReportReporter -->
<testsuite hostname="Sunil-PC" name="com.qa.gmail.tests.LoginPageTest" tests="2" failures="0" timestamp="29 Apr 2018 05:30:27 GMT" time="16.928" errors="0">
  <testcase name="loginTest" time="10.011" classname="com.qa.gmail.tests.LoginPageTest"/>
  <testcase name="titleTest" time="6.917" classname="com.qa.gmail.tests.LoginPageTest"/>
</testsuite> <!-- com.qa.gmail.tests.LoginPageTest -->
